<?xml version="1.0" encoding="UTF-8"?>
<testsuite name="com.example.categoryservice.infrastructure.persistence.CategoryRepositoryImplTest" tests="7" skipped="0" failures="0" errors="0" timestamp="2025-09-15T14:35:36" hostname="Sunhong-Mac-mini.local" time="0.112">
  <properties/>
  <testcase name="부모_카테고리로_하위_카테고리_조회()" classname="com.example.categoryservice.infrastructure.persistence.CategoryRepositoryImplTest" time="0.073"/>
  <testcase name="루트_카테고리_조회()" classname="com.example.categoryservice.infrastructure.persistence.CategoryRepositoryImplTest" time="0.008"/>
  <testcase name="빈_데이터에서_다음_ID_생성()" classname="com.example.categoryservice.infrastructure.persistence.CategoryRepositoryImplTest" time="0.006"/>
  <testcase name="카테고리_저장_및_조회()" classname="com.example.categoryservice.infrastructure.persistence.CategoryRepositoryImplTest" time="0.004"/>
  <testcase name="카테고리_삭제()" classname="com.example.categoryservice.infrastructure.persistence.CategoryRepositoryImplTest" time="0.009"/>
  <testcase name="하위_카테고리_존재_확인()" classname="com.example.categoryservice.infrastructure.persistence.CategoryRepositoryImplTest" time="0.005"/>
  <testcase name="다음_ID_생성()" classname="com.example.categoryservice.infrastructure.persistence.CategoryRepositoryImplTest" time="0.005"/>
  <system-out><![CDATA[2025-09-15T23:35:35.865+09:00  INFO 22044 --- [category-service] [    Test worker] t.c.s.AnnotationConfigContextLoaderUtils : Could not detect default configuration classes for test class [com.example.categoryservice.infrastructure.persistence.CategoryRepositoryImplTest]: CategoryRepositoryImplTest does not declare any static, non-private, non-final, nested classes annotated with @Configuration.
2025-09-15T23:35:35.876+09:00  INFO 22044 --- [category-service] [    Test worker] .b.t.c.SpringBootTestContextBootstrapper : Found @SpringBootConfiguration com.example.categoryservice.CategoryServiceApplication for test class com.example.categoryservice.infrastructure.persistence.CategoryRepositoryImplTest

  .   ____          _            __ _ _
 /\\ / ___'_ __ _ _(_)_ __  __ _ \ \ \ \
( ( )\___ | '_ | '_| | '_ \/ _` | \ \ \ \
 \\/  ___)| |_)| | | | | || (_| |  ) ) ) )
  '  |____| .__|_| |_|_| |_\__, | / / / /
 =========|_|==============|___/=/_/_/_/
 :: Spring Boot ::                (v3.2.0)

2025-09-15T23:35:35.891+09:00  INFO 22044 --- [category-service] [    Test worker] c.e.c.i.p.CategoryRepositoryImplTest     : Starting CategoryRepositoryImplTest using Java 21.0.5 with PID 22044 (started by hammefatal in /Volumes/SunhongSSD/DigitalWorkshop/category-service)
2025-09-15T23:35:35.891+09:00 DEBUG 22044 --- [category-service] [    Test worker] c.e.c.i.p.CategoryRepositoryImplTest     : Running with Spring Boot v3.2.0, Spring v6.1.1
2025-09-15T23:35:35.891+09:00  INFO 22044 --- [category-service] [    Test worker] c.e.c.i.p.CategoryRepositoryImplTest     : The following 1 profile is active: "test"
2025-09-15T23:35:35.971+09:00  INFO 22044 --- [category-service] [    Test worker] .s.d.r.c.RepositoryConfigurationDelegate : Bootstrapping Spring Data JPA repositories in DEFAULT mode.
2025-09-15T23:35:35.987+09:00  INFO 22044 --- [category-service] [    Test worker] .s.d.r.c.RepositoryConfigurationDelegate : Finished Spring Data repository scanning in 12 ms. Found 1 JPA repository interface.
2025-09-15T23:35:35.999+09:00  INFO 22044 --- [category-service] [    Test worker] beddedDataSourceBeanFactoryPostProcessor : Replacing 'dataSource' DataSource bean with embedded version
2025-09-15T23:35:36.026+09:00  INFO 22044 --- [category-service] [    Test worker] o.s.j.d.e.EmbeddedDatabaseFactory        : Starting embedded database: url='jdbc:h2:mem:5de2416f-2118-44a5-a882-bc78b8c6dd9e;DB_CLOSE_DELAY=-1;DB_CLOSE_ON_EXIT=false', username='sa'
2025-09-15T23:35:36.113+09:00  INFO 22044 --- [category-service] [    Test worker] o.hibernate.jpa.internal.util.LogHelper  : HHH000204: Processing PersistenceUnitInfo [name: default]
2025-09-15T23:35:36.130+09:00  INFO 22044 --- [category-service] [    Test worker] org.hibernate.Version                    : HHH000412: Hibernate ORM core version 6.3.1.Final
2025-09-15T23:35:36.141+09:00  INFO 22044 --- [category-service] [    Test worker] o.h.c.internal.RegionFactoryInitiator    : HHH000026: Second-level cache disabled
2025-09-15T23:35:36.173+09:00  INFO 22044 --- [category-service] [    Test worker] o.s.o.j.p.SpringPersistenceUnitInfo      : No LoadTimeWeaver setup: ignoring JPA class transformer
2025-09-15T23:35:36.400+09:00  INFO 22044 --- [category-service] [    Test worker] o.h.e.t.j.p.i.JtaPlatformInitiator       : HHH000489: No JTA platform available (set 'hibernate.transaction.jta.platform' to enable JTA platform integration)
2025-09-15T23:35:36.404+09:00 DEBUG 22044 --- [category-service] [    Test worker] org.hibernate.SQL                        : 
    drop table if exists categories cascade 
Hibernate: 
    drop table if exists categories cascade 
2025-09-15T23:35:36.408+09:00 DEBUG 22044 --- [category-service] [    Test worker] org.hibernate.SQL                        : 
    create table categories (
        created_at timestamp(6) not null,
        id bigint not null,
        parent_id bigint,
        updated_at timestamp(6) not null,
        name varchar(100) not null,
        description varchar(500),
        primary key (id)
    )
Hibernate: 
    create table categories (
        created_at timestamp(6) not null,
        id bigint not null,
        parent_id bigint,
        updated_at timestamp(6) not null,
        name varchar(100) not null,
        description varchar(500),
        primary key (id)
    )
2025-09-15T23:35:36.410+09:00  INFO 22044 --- [category-service] [    Test worker] j.LocalContainerEntityManagerFactoryBean : Initialized JPA EntityManagerFactory for persistence unit 'default'
2025-09-15T23:35:36.498+09:00  INFO 22044 --- [category-service] [    Test worker] o.s.d.j.r.query.QueryEnhancerFactory     : Hibernate is in classpath; If applicable, HQL parser will be used.
2025-09-15T23:35:36.793+09:00  INFO 22044 --- [category-service] [    Test worker] c.e.c.i.p.CategoryRepositoryImplTest     : Started CategoryRepositoryImplTest in 0.909 seconds (process running for 2.332)
2025-09-15T23:35:36.816+09:00 DEBUG 22044 --- [category-service] [    Test worker] org.hibernate.SQL                        : 
    select
        c1_0.id,
        c1_0.created_at,
        c1_0.description,
        c1_0.name,
        c1_0.parent_id,
        c1_0.updated_at 
    from
        categories c1_0 
    where
        c1_0.id=?
Hibernate: 
    select
        c1_0.id,
        c1_0.created_at,
        c1_0.description,
        c1_0.name,
        c1_0.parent_id,
        c1_0.updated_at 
    from
        categories c1_0 
    where
        c1_0.id=?
2025-09-15T23:35:36.830+09:00 DEBUG 22044 --- [category-service] [    Test worker] org.hibernate.SQL                        : 
    select
        c1_0.id,
        c1_0.created_at,
        c1_0.description,
        c1_0.name,
        c1_0.parent_id,
        c1_0.updated_at 
    from
        categories c1_0 
    where
        c1_0.id=?
Hibernate: 
    select
        c1_0.id,
        c1_0.created_at,
        c1_0.description,
        c1_0.name,
        c1_0.parent_id,
        c1_0.updated_at 
    from
        categories c1_0 
    where
        c1_0.id=?
2025-09-15T23:35:36.831+09:00 DEBUG 22044 --- [category-service] [    Test worker] org.hibernate.SQL                        : 
    select
        c1_0.id,
        c1_0.created_at,
        c1_0.description,
        c1_0.name,
        c1_0.parent_id,
        c1_0.updated_at 
    from
        categories c1_0 
    where
        c1_0.id=?
Hibernate: 
    select
        c1_0.id,
        c1_0.created_at,
        c1_0.description,
        c1_0.name,
        c1_0.parent_id,
        c1_0.updated_at 
    from
        categories c1_0 
    where
        c1_0.id=?
2025-09-15T23:35:36.861+09:00 DEBUG 22044 --- [category-service] [    Test worker] org.hibernate.SQL                        : 
    insert 
    into
        categories
        (created_at, description, name, parent_id, updated_at, id) 
    values
        (?, ?, ?, ?, ?, ?)
Hibernate: 
    insert 
    into
        categories
        (created_at, description, name, parent_id, updated_at, id) 
    values
        (?, ?, ?, ?, ?, ?)
2025-09-15T23:35:36.863+09:00 DEBUG 22044 --- [category-service] [    Test worker] org.hibernate.SQL                        : 
    insert 
    into
        categories
        (created_at, description, name, parent_id, updated_at, id) 
    values
        (?, ?, ?, ?, ?, ?)
Hibernate: 
    insert 
    into
        categories
        (created_at, description, name, parent_id, updated_at, id) 
    values
        (?, ?, ?, ?, ?, ?)
2025-09-15T23:35:36.863+09:00 DEBUG 22044 --- [category-service] [    Test worker] org.hibernate.SQL                        : 
    insert 
    into
        categories
        (created_at, description, name, parent_id, updated_at, id) 
    values
        (?, ?, ?, ?, ?, ?)
Hibernate: 
    insert 
    into
        categories
        (created_at, description, name, parent_id, updated_at, id) 
    values
        (?, ?, ?, ?, ?, ?)
2025-09-15T23:35:36.864+09:00 DEBUG 22044 --- [category-service] [    Test worker] org.hibernate.SQL                        : 
    select
        c1_0.id,
        c1_0.created_at,
        c1_0.description,
        c1_0.name,
        c1_0.parent_id,
        c1_0.updated_at 
    from
        categories c1_0 
    where
        c1_0.parent_id=?
Hibernate: 
    select
        c1_0.id,
        c1_0.created_at,
        c1_0.description,
        c1_0.name,
        c1_0.parent_id,
        c1_0.updated_at 
    from
        categories c1_0 
    where
        c1_0.parent_id=?
2025-09-15T23:35:36.870+09:00 DEBUG 22044 --- [category-service] [    Test worker] org.hibernate.SQL                        : 
    select
        c1_0.id,
        c1_0.created_at,
        c1_0.description,
        c1_0.name,
        c1_0.parent_id,
        c1_0.updated_at 
    from
        categories c1_0 
    where
        c1_0.id=?
Hibernate: 
    select
        c1_0.id,
        c1_0.created_at,
        c1_0.description,
        c1_0.name,
        c1_0.parent_id,
        c1_0.updated_at 
    from
        categories c1_0 
    where
        c1_0.id=?
2025-09-15T23:35:36.872+09:00 DEBUG 22044 --- [category-service] [    Test worker] org.hibernate.SQL                        : 
    select
        c1_0.id,
        c1_0.created_at,
        c1_0.description,
        c1_0.name,
        c1_0.parent_id,
        c1_0.updated_at 
    from
        categories c1_0 
    where
        c1_0.id=?
Hibernate: 
    select
        c1_0.id,
        c1_0.created_at,
        c1_0.description,
        c1_0.name,
        c1_0.parent_id,
        c1_0.updated_at 
    from
        categories c1_0 
    where
        c1_0.id=?
2025-09-15T23:35:36.872+09:00 DEBUG 22044 --- [category-service] [    Test worker] org.hibernate.SQL                        : 
    select
        c1_0.id,
        c1_0.created_at,
        c1_0.description,
        c1_0.name,
        c1_0.parent_id,
        c1_0.updated_at 
    from
        categories c1_0 
    where
        c1_0.id=?
Hibernate: 
    select
        c1_0.id,
        c1_0.created_at,
        c1_0.description,
        c1_0.name,
        c1_0.parent_id,
        c1_0.updated_at 
    from
        categories c1_0 
    where
        c1_0.id=?
2025-09-15T23:35:36.875+09:00 DEBUG 22044 --- [category-service] [    Test worker] org.hibernate.SQL                        : 
    insert 
    into
        categories
        (created_at, description, name, parent_id, updated_at, id) 
    values
        (?, ?, ?, ?, ?, ?)
Hibernate: 
    insert 
    into
        categories
        (created_at, description, name, parent_id, updated_at, id) 
    values
        (?, ?, ?, ?, ?, ?)
2025-09-15T23:35:36.875+09:00 DEBUG 22044 --- [category-service] [    Test worker] org.hibernate.SQL                        : 
    insert 
    into
        categories
        (created_at, description, name, parent_id, updated_at, id) 
    values
        (?, ?, ?, ?, ?, ?)
Hibernate: 
    insert 
    into
        categories
        (created_at, description, name, parent_id, updated_at, id) 
    values
        (?, ?, ?, ?, ?, ?)
2025-09-15T23:35:36.876+09:00 DEBUG 22044 --- [category-service] [    Test worker] org.hibernate.SQL                        : 
    insert 
    into
        categories
        (created_at, description, name, parent_id, updated_at, id) 
    values
        (?, ?, ?, ?, ?, ?)
Hibernate: 
    insert 
    into
        categories
        (created_at, description, name, parent_id, updated_at, id) 
    values
        (?, ?, ?, ?, ?, ?)
2025-09-15T23:35:36.876+09:00 DEBUG 22044 --- [category-service] [    Test worker] org.hibernate.SQL                        : 
    select
        c1_0.id,
        c1_0.created_at,
        c1_0.description,
        c1_0.name,
        c1_0.parent_id,
        c1_0.updated_at 
    from
        categories c1_0 
    where
        c1_0.parent_id is null
Hibernate: 
    select
        c1_0.id,
        c1_0.created_at,
        c1_0.description,
        c1_0.name,
        c1_0.parent_id,
        c1_0.updated_at 
    from
        categories c1_0 
    where
        c1_0.parent_id is null
2025-09-15T23:35:36.882+09:00 DEBUG 22044 --- [category-service] [    Test worker] org.hibernate.SQL                        : 
    select
        coalesce(max(c1_0.id), 0) 
    from
        categories c1_0
Hibernate: 
    select
        coalesce(max(c1_0.id), 0) 
    from
        categories c1_0
2025-09-15T23:35:36.885+09:00 DEBUG 22044 --- [category-service] [    Test worker] org.hibernate.SQL                        : 
    select
        c1_0.id,
        c1_0.created_at,
        c1_0.description,
        c1_0.name,
        c1_0.parent_id,
        c1_0.updated_at 
    from
        categories c1_0 
    where
        c1_0.id=?
Hibernate: 
    select
        c1_0.id,
        c1_0.created_at,
        c1_0.description,
        c1_0.name,
        c1_0.parent_id,
        c1_0.updated_at 
    from
        categories c1_0 
    where
        c1_0.id=?
2025-09-15T23:35:36.889+09:00 DEBUG 22044 --- [category-service] [    Test worker] org.hibernate.SQL                        : 
    select
        c1_0.id,
        c1_0.created_at,
        c1_0.description,
        c1_0.name,
        c1_0.parent_id,
        c1_0.updated_at 
    from
        categories c1_0 
    where
        c1_0.id=?
Hibernate: 
    select
        c1_0.id,
        c1_0.created_at,
        c1_0.description,
        c1_0.name,
        c1_0.parent_id,
        c1_0.updated_at 
    from
        categories c1_0 
    where
        c1_0.id=?
2025-09-15T23:35:36.894+09:00 DEBUG 22044 --- [category-service] [    Test worker] org.hibernate.SQL                        : 
    insert 
    into
        categories
        (created_at, description, name, parent_id, updated_at, id) 
    values
        (?, ?, ?, ?, ?, ?)
Hibernate: 
    insert 
    into
        categories
        (created_at, description, name, parent_id, updated_at, id) 
    values
        (?, ?, ?, ?, ?, ?)
2025-09-15T23:35:36.895+09:00 DEBUG 22044 --- [category-service] [    Test worker] org.hibernate.SQL                        : 
    delete 
    from
        categories 
    where
        id=?
Hibernate: 
    delete 
    from
        categories 
    where
        id=?
2025-09-15T23:35:36.896+09:00 DEBUG 22044 --- [category-service] [    Test worker] org.hibernate.SQL                        : 
    select
        count(*) 
    from
        categories c1_0 
    where
        c1_0.id=?
Hibernate: 
    select
        count(*) 
    from
        categories c1_0 
    where
        c1_0.id=?
2025-09-15T23:35:36.897+09:00 DEBUG 22044 --- [category-service] [    Test worker] org.hibernate.SQL                        : 
    select
        c1_0.id,
        c1_0.created_at,
        c1_0.description,
        c1_0.name,
        c1_0.parent_id,
        c1_0.updated_at 
    from
        categories c1_0 
    where
        c1_0.id=?
Hibernate: 
    select
        c1_0.id,
        c1_0.created_at,
        c1_0.description,
        c1_0.name,
        c1_0.parent_id,
        c1_0.updated_at 
    from
        categories c1_0 
    where
        c1_0.id=?
2025-09-15T23:35:36.899+09:00 DEBUG 22044 --- [category-service] [    Test worker] org.hibernate.SQL                        : 
    select
        c1_0.id,
        c1_0.created_at,
        c1_0.description,
        c1_0.name,
        c1_0.parent_id,
        c1_0.updated_at 
    from
        categories c1_0 
    where
        c1_0.id=?
Hibernate: 
    select
        c1_0.id,
        c1_0.created_at,
        c1_0.description,
        c1_0.name,
        c1_0.parent_id,
        c1_0.updated_at 
    from
        categories c1_0 
    where
        c1_0.id=?
2025-09-15T23:35:36.899+09:00 DEBUG 22044 --- [category-service] [    Test worker] org.hibernate.SQL                        : 
    select
        c1_0.id,
        c1_0.created_at,
        c1_0.description,
        c1_0.name,
        c1_0.parent_id,
        c1_0.updated_at 
    from
        categories c1_0 
    where
        c1_0.id=?
Hibernate: 
    select
        c1_0.id,
        c1_0.created_at,
        c1_0.description,
        c1_0.name,
        c1_0.parent_id,
        c1_0.updated_at 
    from
        categories c1_0 
    where
        c1_0.id=?
2025-09-15T23:35:36.901+09:00 DEBUG 22044 --- [category-service] [    Test worker] org.hibernate.SQL                        : 
    insert 
    into
        categories
        (created_at, description, name, parent_id, updated_at, id) 
    values
        (?, ?, ?, ?, ?, ?)
Hibernate: 
    insert 
    into
        categories
        (created_at, description, name, parent_id, updated_at, id) 
    values
        (?, ?, ?, ?, ?, ?)
2025-09-15T23:35:36.902+09:00 DEBUG 22044 --- [category-service] [    Test worker] org.hibernate.SQL                        : 
    insert 
    into
        categories
        (created_at, description, name, parent_id, updated_at, id) 
    values
        (?, ?, ?, ?, ?, ?)
Hibernate: 
    insert 
    into
        categories
        (created_at, description, name, parent_id, updated_at, id) 
    values
        (?, ?, ?, ?, ?, ?)
2025-09-15T23:35:36.902+09:00 DEBUG 22044 --- [category-service] [    Test worker] org.hibernate.SQL                        : 
    select
        count(*)>0 
    from
        categories c1_0 
    where
        c1_0.parent_id=?
Hibernate: 
    select
        count(*)>0 
    from
        categories c1_0 
    where
        c1_0.parent_id=?
2025-09-15T23:35:36.903+09:00 DEBUG 22044 --- [category-service] [    Test worker] org.hibernate.SQL                        : 
    select
        count(*)>0 
    from
        categories c1_0 
    where
        c1_0.parent_id=?
Hibernate: 
    select
        count(*)>0 
    from
        categories c1_0 
    where
        c1_0.parent_id=?
2025-09-15T23:35:36.904+09:00 DEBUG 22044 --- [category-service] [    Test worker] org.hibernate.SQL                        : 
    select
        c1_0.id,
        c1_0.created_at,
        c1_0.description,
        c1_0.name,
        c1_0.parent_id,
        c1_0.updated_at 
    from
        categories c1_0 
    where
        c1_0.id=?
Hibernate: 
    select
        c1_0.id,
        c1_0.created_at,
        c1_0.description,
        c1_0.name,
        c1_0.parent_id,
        c1_0.updated_at 
    from
        categories c1_0 
    where
        c1_0.id=?
2025-09-15T23:35:36.905+09:00 DEBUG 22044 --- [category-service] [    Test worker] org.hibernate.SQL                        : 
    select
        c1_0.id,
        c1_0.created_at,
        c1_0.description,
        c1_0.name,
        c1_0.parent_id,
        c1_0.updated_at 
    from
        categories c1_0 
    where
        c1_0.id=?
Hibernate: 
    select
        c1_0.id,
        c1_0.created_at,
        c1_0.description,
        c1_0.name,
        c1_0.parent_id,
        c1_0.updated_at 
    from
        categories c1_0 
    where
        c1_0.id=?
2025-09-15T23:35:36.906+09:00 DEBUG 22044 --- [category-service] [    Test worker] org.hibernate.SQL                        : 
    insert 
    into
        categories
        (created_at, description, name, parent_id, updated_at, id) 
    values
        (?, ?, ?, ?, ?, ?)
Hibernate: 
    insert 
    into
        categories
        (created_at, description, name, parent_id, updated_at, id) 
    values
        (?, ?, ?, ?, ?, ?)
2025-09-15T23:35:36.907+09:00 DEBUG 22044 --- [category-service] [    Test worker] org.hibernate.SQL                        : 
    insert 
    into
        categories
        (created_at, description, name, parent_id, updated_at, id) 
    values
        (?, ?, ?, ?, ?, ?)
Hibernate: 
    insert 
    into
        categories
        (created_at, description, name, parent_id, updated_at, id) 
    values
        (?, ?, ?, ?, ?, ?)
2025-09-15T23:35:36.907+09:00 DEBUG 22044 --- [category-service] [    Test worker] org.hibernate.SQL                        : 
    select
        coalesce(max(c1_0.id), 0) 
    from
        categories c1_0
Hibernate: 
    select
        coalesce(max(c1_0.id), 0) 
    from
        categories c1_0
]]></system-out>
  <system-err><![CDATA[]]></system-err>
</testsuite>
