<?xml version="1.0" encoding="UTF-8"?>
<testsuite name="CategoryCacheConfig 테스트" tests="5" skipped="0" failures="0" errors="0" timestamp="2025-09-15T14:35:35" hostname="Sunhong-Mac-mini.local" time="0.014">
  <properties/>
  <testcase name="categories 캐시 설정이 올바른지 확인" classname="com.example.categoryservice.infrastructure.config.CategoryCacheConfigTest" time="0.011"/>
  <testcase name="CacheManager가 올바르게 생성되는지 확인" classname="com.example.categoryservice.infrastructure.config.CategoryCacheConfigTest" time="0.001"/>
  <testcase name="categoryTree 캐시 설정이 올바른지 확인" classname="com.example.categoryservice.infrastructure.config.CategoryCacheConfigTest" time="0.0"/>
  <testcase name="커스텀 캐시 속성이 적용되는지 확인" classname="com.example.categoryservice.infrastructure.config.CategoryCacheConfigTest" time="0.001"/>
  <testcase name="존재하지 않는 캐시 이름으로 조회시 동적 캐시 생성됨" classname="com.example.categoryservice.infrastructure.config.CategoryCacheConfigTest" time="0.001"/>
  <system-out><![CDATA[2025-09-15T23:35:35.857+09:00  INFO 22044 --- [category-service] [    Test worker] c.e.c.i.config.CategoryCacheConfig       : Category cache manager configured with properties: CategoryCacheProperties(categories=CategoryCacheProperties.CacheSpec(maximumSize=5000, expireAfterAccess=PT15M, expireAfterWrite=PT5M), categoryTree=CategoryCacheProperties.CacheSpec(maximumSize=100, expireAfterAccess=PT10M, expireAfterWrite=PT5M))
2025-09-15T23:35:35.860+09:00  INFO 22044 --- [category-service] [    Test worker] c.e.c.i.config.CategoryCacheConfig       : Category cache manager configured with properties: CategoryCacheProperties(categories=CategoryCacheProperties.CacheSpec(maximumSize=5000, expireAfterAccess=PT15M, expireAfterWrite=PT5M), categoryTree=CategoryCacheProperties.CacheSpec(maximumSize=100, expireAfterAccess=PT10M, expireAfterWrite=PT5M))
2025-09-15T23:35:35.860+09:00  INFO 22044 --- [category-service] [    Test worker] c.e.c.i.config.CategoryCacheConfig       : Category cache manager configured with properties: CategoryCacheProperties(categories=CategoryCacheProperties.CacheSpec(maximumSize=5000, expireAfterAccess=PT15M, expireAfterWrite=PT5M), categoryTree=CategoryCacheProperties.CacheSpec(maximumSize=100, expireAfterAccess=PT10M, expireAfterWrite=PT5M))
2025-09-15T23:35:35.861+09:00  INFO 22044 --- [category-service] [    Test worker] c.e.c.i.config.CategoryCacheConfig       : Category cache manager configured with properties: CategoryCacheProperties(categories=CategoryCacheProperties.CacheSpec(maximumSize=10000, expireAfterAccess=PT30M, expireAfterWrite=PT5M), categoryTree=CategoryCacheProperties.CacheSpec(maximumSize=200, expireAfterAccess=PT10M, expireAfterWrite=PT10M))
2025-09-15T23:35:35.861+09:00  INFO 22044 --- [category-service] [    Test worker] c.e.c.i.config.CategoryCacheConfig       : Category cache manager configured with properties: CategoryCacheProperties(categories=CategoryCacheProperties.CacheSpec(maximumSize=5000, expireAfterAccess=PT15M, expireAfterWrite=PT5M), categoryTree=CategoryCacheProperties.CacheSpec(maximumSize=100, expireAfterAccess=PT10M, expireAfterWrite=PT5M))
]]></system-out>
  <system-err><![CDATA[]]></system-err>
</testsuite>
