<?xml version="1.0" encoding="UTF-8"?>
<testsuite name="com.example.categoryservice.infrastructure.persistence.CategoryRepositoryImplTest" tests="7" skipped="0" failures="0" errors="0" timestamp="2025-09-15T14:03:43" hostname="Sunhong-Mac-mini.local" time="0.387">
  <properties/>
  <testcase name="부모_카테고리로_하위_카테고리_조회()" classname="com.example.categoryservice.infrastructure.persistence.CategoryRepositoryImplTest" time="0.346"/>
  <testcase name="루트_카테고리_조회()" classname="com.example.categoryservice.infrastructure.persistence.CategoryRepositoryImplTest" time="0.008"/>
  <testcase name="빈_데이터에서_다음_ID_생성()" classname="com.example.categoryservice.infrastructure.persistence.CategoryRepositoryImplTest" time="0.007"/>
  <testcase name="카테고리_저장_및_조회()" classname="com.example.categoryservice.infrastructure.persistence.CategoryRepositoryImplTest" time="0.005"/>
  <testcase name="카테고리_삭제()" classname="com.example.categoryservice.infrastructure.persistence.CategoryRepositoryImplTest" time="0.008"/>
  <testcase name="하위_카테고리_존재_확인()" classname="com.example.categoryservice.infrastructure.persistence.CategoryRepositoryImplTest" time="0.006"/>
  <testcase name="다음_ID_생성()" classname="com.example.categoryservice.infrastructure.persistence.CategoryRepositoryImplTest" time="0.004"/>
  <system-out><![CDATA[23:03:42.271 [Test worker] INFO org.springframework.test.context.support.AnnotationConfigContextLoaderUtils -- Could not detect default configuration classes for test class [com.example.categoryservice.infrastructure.persistence.CategoryRepositoryImplTest]: CategoryRepositoryImplTest does not declare any static, non-private, non-final, nested classes annotated with @Configuration.
23:03:42.315 [Test worker] INFO org.springframework.boot.test.context.SpringBootTestContextBootstrapper -- Found @SpringBootConfiguration com.example.categoryservice.CategoryServiceApplication for test class com.example.categoryservice.infrastructure.persistence.CategoryRepositoryImplTest

  .   ____          _            __ _ _
 /\\ / ___'_ __ _ _(_)_ __  __ _ \ \ \ \
( ( )\___ | '_ | '_| | '_ \/ _` | \ \ \ \
 \\/  ___)| |_)| | | | | || (_| |  ) ) ) )
  '  |____| .__|_| |_|_| |_\__, | / / / /
 =========|_|==============|___/=/_/_/_/
 :: Spring Boot ::                (v3.2.0)

2025-09-15T23:03:42.443+09:00  INFO 1439 --- [category-service] [    Test worker] c.e.c.i.p.CategoryRepositoryImplTest     : Starting CategoryRepositoryImplTest using Java 21.0.5 with PID 1439 (started by hammefatal in /Volumes/SunhongSSD/DigitalWorkshop/category-service)
2025-09-15T23:03:42.443+09:00 DEBUG 1439 --- [category-service] [    Test worker] c.e.c.i.p.CategoryRepositoryImplTest     : Running with Spring Boot v3.2.0, Spring v6.1.1
2025-09-15T23:03:42.444+09:00  INFO 1439 --- [category-service] [    Test worker] c.e.c.i.p.CategoryRepositoryImplTest     : The following 1 profile is active: "test"
2025-09-15T23:03:42.569+09:00  INFO 1439 --- [category-service] [    Test worker] .s.d.r.c.RepositoryConfigurationDelegate : Bootstrapping Spring Data JPA repositories in DEFAULT mode.
2025-09-15T23:03:42.590+09:00  INFO 1439 --- [category-service] [    Test worker] .s.d.r.c.RepositoryConfigurationDelegate : Finished Spring Data repository scanning in 17 ms. Found 1 JPA repository interface.
2025-09-15T23:03:42.604+09:00  INFO 1439 --- [category-service] [    Test worker] beddedDataSourceBeanFactoryPostProcessor : Replacing 'dataSource' DataSource bean with embedded version
2025-09-15T23:03:42.659+09:00  INFO 1439 --- [category-service] [    Test worker] o.s.j.d.e.EmbeddedDatabaseFactory        : Starting embedded database: url='jdbc:h2:mem:d3719af2-8b9c-4cff-8b0e-4aa26e57b8b3;DB_CLOSE_DELAY=-1;DB_CLOSE_ON_EXIT=false', username='sa'
2025-09-15T23:03:42.752+09:00  INFO 1439 --- [category-service] [    Test worker] o.hibernate.jpa.internal.util.LogHelper  : HHH000204: Processing PersistenceUnitInfo [name: default]
2025-09-15T23:03:42.772+09:00  INFO 1439 --- [category-service] [    Test worker] org.hibernate.Version                    : HHH000412: Hibernate ORM core version 6.3.1.Final
2025-09-15T23:03:42.781+09:00  INFO 1439 --- [category-service] [    Test worker] o.h.c.internal.RegionFactoryInitiator    : HHH000026: Second-level cache disabled
2025-09-15T23:03:42.846+09:00  INFO 1439 --- [category-service] [    Test worker] o.s.o.j.p.SpringPersistenceUnitInfo      : No LoadTimeWeaver setup: ignoring JPA class transformer
2025-09-15T23:03:43.105+09:00  INFO 1439 --- [category-service] [    Test worker] o.h.e.t.j.p.i.JtaPlatformInitiator       : HHH000489: No JTA platform available (set 'hibernate.transaction.jta.platform' to enable JTA platform integration)
2025-09-15T23:03:43.109+09:00 DEBUG 1439 --- [category-service] [    Test worker] org.hibernate.SQL                        : 
    drop table if exists categories cascade 
Hibernate: 
    drop table if exists categories cascade 
2025-09-15T23:03:43.111+09:00 DEBUG 1439 --- [category-service] [    Test worker] org.hibernate.SQL                        : 
    create table categories (
        created_at timestamp(6) not null,
        id bigint not null,
        parent_id bigint,
        updated_at timestamp(6) not null,
        name varchar(100) not null,
        description varchar(500),
        primary key (id)
    )
Hibernate: 
    create table categories (
        created_at timestamp(6) not null,
        id bigint not null,
        parent_id bigint,
        updated_at timestamp(6) not null,
        name varchar(100) not null,
        description varchar(500),
        primary key (id)
    )
2025-09-15T23:03:43.114+09:00  INFO 1439 --- [category-service] [    Test worker] j.LocalContainerEntityManagerFactoryBean : Initialized JPA EntityManagerFactory for persistence unit 'default'
2025-09-15T23:03:43.197+09:00  INFO 1439 --- [category-service] [    Test worker] o.s.d.j.r.query.QueryEnhancerFactory     : Hibernate is in classpath; If applicable, HQL parser will be used.
2025-09-15T23:03:43.463+09:00  INFO 1439 --- [category-service] [    Test worker] c.e.c.i.p.CategoryRepositoryImplTest     : Started CategoryRepositoryImplTest in 1.125 seconds (process running for 1.486)
2025-09-15T23:03:43.747+09:00 DEBUG 1439 --- [category-service] [    Test worker] org.hibernate.SQL                        : 
    select
        c1_0.id,
        c1_0.created_at,
        c1_0.description,
        c1_0.name,
        c1_0.parent_id,
        c1_0.updated_at 
    from
        categories c1_0 
    where
        c1_0.id=?
Hibernate: 
    select
        c1_0.id,
        c1_0.created_at,
        c1_0.description,
        c1_0.name,
        c1_0.parent_id,
        c1_0.updated_at 
    from
        categories c1_0 
    where
        c1_0.id=?
2025-09-15T23:03:43.759+09:00 DEBUG 1439 --- [category-service] [    Test worker] org.hibernate.SQL                        : 
    select
        c1_0.id,
        c1_0.created_at,
        c1_0.description,
        c1_0.name,
        c1_0.parent_id,
        c1_0.updated_at 
    from
        categories c1_0 
    where
        c1_0.id=?
Hibernate: 
    select
        c1_0.id,
        c1_0.created_at,
        c1_0.description,
        c1_0.name,
        c1_0.parent_id,
        c1_0.updated_at 
    from
        categories c1_0 
    where
        c1_0.id=?
2025-09-15T23:03:43.759+09:00 DEBUG 1439 --- [category-service] [    Test worker] org.hibernate.SQL                        : 
    select
        c1_0.id,
        c1_0.created_at,
        c1_0.description,
        c1_0.name,
        c1_0.parent_id,
        c1_0.updated_at 
    from
        categories c1_0 
    where
        c1_0.id=?
Hibernate: 
    select
        c1_0.id,
        c1_0.created_at,
        c1_0.description,
        c1_0.name,
        c1_0.parent_id,
        c1_0.updated_at 
    from
        categories c1_0 
    where
        c1_0.id=?
2025-09-15T23:03:43.787+09:00 DEBUG 1439 --- [category-service] [    Test worker] org.hibernate.SQL                        : 
    insert 
    into
        categories
        (created_at, description, name, parent_id, updated_at, id) 
    values
        (?, ?, ?, ?, ?, ?)
Hibernate: 
    insert 
    into
        categories
        (created_at, description, name, parent_id, updated_at, id) 
    values
        (?, ?, ?, ?, ?, ?)
2025-09-15T23:03:43.789+09:00 DEBUG 1439 --- [category-service] [    Test worker] org.hibernate.SQL                        : 
    insert 
    into
        categories
        (created_at, description, name, parent_id, updated_at, id) 
    values
        (?, ?, ?, ?, ?, ?)
Hibernate: 
    insert 
    into
        categories
        (created_at, description, name, parent_id, updated_at, id) 
    values
        (?, ?, ?, ?, ?, ?)
2025-09-15T23:03:43.789+09:00 DEBUG 1439 --- [category-service] [    Test worker] org.hibernate.SQL                        : 
    insert 
    into
        categories
        (created_at, description, name, parent_id, updated_at, id) 
    values
        (?, ?, ?, ?, ?, ?)
Hibernate: 
    insert 
    into
        categories
        (created_at, description, name, parent_id, updated_at, id) 
    values
        (?, ?, ?, ?, ?, ?)
2025-09-15T23:03:43.790+09:00 DEBUG 1439 --- [category-service] [    Test worker] org.hibernate.SQL                        : 
    select
        c1_0.id,
        c1_0.created_at,
        c1_0.description,
        c1_0.name,
        c1_0.parent_id,
        c1_0.updated_at 
    from
        categories c1_0 
    where
        c1_0.parent_id=?
Hibernate: 
    select
        c1_0.id,
        c1_0.created_at,
        c1_0.description,
        c1_0.name,
        c1_0.parent_id,
        c1_0.updated_at 
    from
        categories c1_0 
    where
        c1_0.parent_id=?
2025-09-15T23:03:43.814+09:00 DEBUG 1439 --- [category-service] [    Test worker] org.hibernate.SQL                        : 
    select
        c1_0.id,
        c1_0.created_at,
        c1_0.description,
        c1_0.name,
        c1_0.parent_id,
        c1_0.updated_at 
    from
        categories c1_0 
    where
        c1_0.id=?
Hibernate: 
    select
        c1_0.id,
        c1_0.created_at,
        c1_0.description,
        c1_0.name,
        c1_0.parent_id,
        c1_0.updated_at 
    from
        categories c1_0 
    where
        c1_0.id=?
2025-09-15T23:03:43.815+09:00 DEBUG 1439 --- [category-service] [    Test worker] org.hibernate.SQL                        : 
    select
        c1_0.id,
        c1_0.created_at,
        c1_0.description,
        c1_0.name,
        c1_0.parent_id,
        c1_0.updated_at 
    from
        categories c1_0 
    where
        c1_0.id=?
Hibernate: 
    select
        c1_0.id,
        c1_0.created_at,
        c1_0.description,
        c1_0.name,
        c1_0.parent_id,
        c1_0.updated_at 
    from
        categories c1_0 
    where
        c1_0.id=?
2025-09-15T23:03:43.815+09:00 DEBUG 1439 --- [category-service] [    Test worker] org.hibernate.SQL                        : 
    select
        c1_0.id,
        c1_0.created_at,
        c1_0.description,
        c1_0.name,
        c1_0.parent_id,
        c1_0.updated_at 
    from
        categories c1_0 
    where
        c1_0.id=?
Hibernate: 
    select
        c1_0.id,
        c1_0.created_at,
        c1_0.description,
        c1_0.name,
        c1_0.parent_id,
        c1_0.updated_at 
    from
        categories c1_0 
    where
        c1_0.id=?
2025-09-15T23:03:43.818+09:00 DEBUG 1439 --- [category-service] [    Test worker] org.hibernate.SQL                        : 
    insert 
    into
        categories
        (created_at, description, name, parent_id, updated_at, id) 
    values
        (?, ?, ?, ?, ?, ?)
Hibernate: 
    insert 
    into
        categories
        (created_at, description, name, parent_id, updated_at, id) 
    values
        (?, ?, ?, ?, ?, ?)
2025-09-15T23:03:43.819+09:00 DEBUG 1439 --- [category-service] [    Test worker] org.hibernate.SQL                        : 
    insert 
    into
        categories
        (created_at, description, name, parent_id, updated_at, id) 
    values
        (?, ?, ?, ?, ?, ?)
Hibernate: 
    insert 
    into
        categories
        (created_at, description, name, parent_id, updated_at, id) 
    values
        (?, ?, ?, ?, ?, ?)
2025-09-15T23:03:43.819+09:00 DEBUG 1439 --- [category-service] [    Test worker] org.hibernate.SQL                        : 
    insert 
    into
        categories
        (created_at, description, name, parent_id, updated_at, id) 
    values
        (?, ?, ?, ?, ?, ?)
Hibernate: 
    insert 
    into
        categories
        (created_at, description, name, parent_id, updated_at, id) 
    values
        (?, ?, ?, ?, ?, ?)
2025-09-15T23:03:43.819+09:00 DEBUG 1439 --- [category-service] [    Test worker] org.hibernate.SQL                        : 
    select
        c1_0.id,
        c1_0.created_at,
        c1_0.description,
        c1_0.name,
        c1_0.parent_id,
        c1_0.updated_at 
    from
        categories c1_0 
    where
        c1_0.parent_id is null
Hibernate: 
    select
        c1_0.id,
        c1_0.created_at,
        c1_0.description,
        c1_0.name,
        c1_0.parent_id,
        c1_0.updated_at 
    from
        categories c1_0 
    where
        c1_0.parent_id is null
2025-09-15T23:03:43.825+09:00 DEBUG 1439 --- [category-service] [    Test worker] org.hibernate.SQL                        : 
    select
        coalesce(max(c1_0.id), 0) 
    from
        categories c1_0
Hibernate: 
    select
        coalesce(max(c1_0.id), 0) 
    from
        categories c1_0
2025-09-15T23:03:43.829+09:00 DEBUG 1439 --- [category-service] [    Test worker] org.hibernate.SQL                        : 
    select
        c1_0.id,
        c1_0.created_at,
        c1_0.description,
        c1_0.name,
        c1_0.parent_id,
        c1_0.updated_at 
    from
        categories c1_0 
    where
        c1_0.id=?
Hibernate: 
    select
        c1_0.id,
        c1_0.created_at,
        c1_0.description,
        c1_0.name,
        c1_0.parent_id,
        c1_0.updated_at 
    from
        categories c1_0 
    where
        c1_0.id=?
2025-09-15T23:03:43.834+09:00 DEBUG 1439 --- [category-service] [    Test worker] org.hibernate.SQL                        : 
    select
        c1_0.id,
        c1_0.created_at,
        c1_0.description,
        c1_0.name,
        c1_0.parent_id,
        c1_0.updated_at 
    from
        categories c1_0 
    where
        c1_0.id=?
Hibernate: 
    select
        c1_0.id,
        c1_0.created_at,
        c1_0.description,
        c1_0.name,
        c1_0.parent_id,
        c1_0.updated_at 
    from
        categories c1_0 
    where
        c1_0.id=?
2025-09-15T23:03:43.839+09:00 DEBUG 1439 --- [category-service] [    Test worker] org.hibernate.SQL                        : 
    insert 
    into
        categories
        (created_at, description, name, parent_id, updated_at, id) 
    values
        (?, ?, ?, ?, ?, ?)
Hibernate: 
    insert 
    into
        categories
        (created_at, description, name, parent_id, updated_at, id) 
    values
        (?, ?, ?, ?, ?, ?)
2025-09-15T23:03:43.840+09:00 DEBUG 1439 --- [category-service] [    Test worker] org.hibernate.SQL                        : 
    delete 
    from
        categories 
    where
        id=?
Hibernate: 
    delete 
    from
        categories 
    where
        id=?
2025-09-15T23:03:43.840+09:00 DEBUG 1439 --- [category-service] [    Test worker] org.hibernate.SQL                        : 
    select
        count(*) 
    from
        categories c1_0 
    where
        c1_0.id=?
Hibernate: 
    select
        count(*) 
    from
        categories c1_0 
    where
        c1_0.id=?
2025-09-15T23:03:43.841+09:00 DEBUG 1439 --- [category-service] [    Test worker] org.hibernate.SQL                        : 
    select
        c1_0.id,
        c1_0.created_at,
        c1_0.description,
        c1_0.name,
        c1_0.parent_id,
        c1_0.updated_at 
    from
        categories c1_0 
    where
        c1_0.id=?
Hibernate: 
    select
        c1_0.id,
        c1_0.created_at,
        c1_0.description,
        c1_0.name,
        c1_0.parent_id,
        c1_0.updated_at 
    from
        categories c1_0 
    where
        c1_0.id=?
2025-09-15T23:03:43.843+09:00 DEBUG 1439 --- [category-service] [    Test worker] org.hibernate.SQL                        : 
    select
        c1_0.id,
        c1_0.created_at,
        c1_0.description,
        c1_0.name,
        c1_0.parent_id,
        c1_0.updated_at 
    from
        categories c1_0 
    where
        c1_0.id=?
Hibernate: 
    select
        c1_0.id,
        c1_0.created_at,
        c1_0.description,
        c1_0.name,
        c1_0.parent_id,
        c1_0.updated_at 
    from
        categories c1_0 
    where
        c1_0.id=?
2025-09-15T23:03:43.844+09:00 DEBUG 1439 --- [category-service] [    Test worker] org.hibernate.SQL                        : 
    select
        c1_0.id,
        c1_0.created_at,
        c1_0.description,
        c1_0.name,
        c1_0.parent_id,
        c1_0.updated_at 
    from
        categories c1_0 
    where
        c1_0.id=?
Hibernate: 
    select
        c1_0.id,
        c1_0.created_at,
        c1_0.description,
        c1_0.name,
        c1_0.parent_id,
        c1_0.updated_at 
    from
        categories c1_0 
    where
        c1_0.id=?
2025-09-15T23:03:43.846+09:00 DEBUG 1439 --- [category-service] [    Test worker] org.hibernate.SQL                        : 
    insert 
    into
        categories
        (created_at, description, name, parent_id, updated_at, id) 
    values
        (?, ?, ?, ?, ?, ?)
Hibernate: 
    insert 
    into
        categories
        (created_at, description, name, parent_id, updated_at, id) 
    values
        (?, ?, ?, ?, ?, ?)
2025-09-15T23:03:43.846+09:00 DEBUG 1439 --- [category-service] [    Test worker] org.hibernate.SQL                        : 
    insert 
    into
        categories
        (created_at, description, name, parent_id, updated_at, id) 
    values
        (?, ?, ?, ?, ?, ?)
Hibernate: 
    insert 
    into
        categories
        (created_at, description, name, parent_id, updated_at, id) 
    values
        (?, ?, ?, ?, ?, ?)
2025-09-15T23:03:43.847+09:00 DEBUG 1439 --- [category-service] [    Test worker] org.hibernate.SQL                        : 
    select
        count(*)>0 
    from
        categories c1_0 
    where
        c1_0.parent_id=?
Hibernate: 
    select
        count(*)>0 
    from
        categories c1_0 
    where
        c1_0.parent_id=?
2025-09-15T23:03:43.847+09:00 DEBUG 1439 --- [category-service] [    Test worker] org.hibernate.SQL                        : 
    select
        count(*)>0 
    from
        categories c1_0 
    where
        c1_0.parent_id=?
Hibernate: 
    select
        count(*)>0 
    from
        categories c1_0 
    where
        c1_0.parent_id=?
2025-09-15T23:03:43.850+09:00 DEBUG 1439 --- [category-service] [    Test worker] org.hibernate.SQL                        : 
    select
        c1_0.id,
        c1_0.created_at,
        c1_0.description,
        c1_0.name,
        c1_0.parent_id,
        c1_0.updated_at 
    from
        categories c1_0 
    where
        c1_0.id=?
Hibernate: 
    select
        c1_0.id,
        c1_0.created_at,
        c1_0.description,
        c1_0.name,
        c1_0.parent_id,
        c1_0.updated_at 
    from
        categories c1_0 
    where
        c1_0.id=?
2025-09-15T23:03:43.851+09:00 DEBUG 1439 --- [category-service] [    Test worker] org.hibernate.SQL                        : 
    select
        c1_0.id,
        c1_0.created_at,
        c1_0.description,
        c1_0.name,
        c1_0.parent_id,
        c1_0.updated_at 
    from
        categories c1_0 
    where
        c1_0.id=?
Hibernate: 
    select
        c1_0.id,
        c1_0.created_at,
        c1_0.description,
        c1_0.name,
        c1_0.parent_id,
        c1_0.updated_at 
    from
        categories c1_0 
    where
        c1_0.id=?
2025-09-15T23:03:43.851+09:00 DEBUG 1439 --- [category-service] [    Test worker] org.hibernate.SQL                        : 
    insert 
    into
        categories
        (created_at, description, name, parent_id, updated_at, id) 
    values
        (?, ?, ?, ?, ?, ?)
Hibernate: 
    insert 
    into
        categories
        (created_at, description, name, parent_id, updated_at, id) 
    values
        (?, ?, ?, ?, ?, ?)
2025-09-15T23:03:43.852+09:00 DEBUG 1439 --- [category-service] [    Test worker] org.hibernate.SQL                        : 
    insert 
    into
        categories
        (created_at, description, name, parent_id, updated_at, id) 
    values
        (?, ?, ?, ?, ?, ?)
Hibernate: 
    insert 
    into
        categories
        (created_at, description, name, parent_id, updated_at, id) 
    values
        (?, ?, ?, ?, ?, ?)
2025-09-15T23:03:43.852+09:00 DEBUG 1439 --- [category-service] [    Test worker] org.hibernate.SQL                        : 
    select
        coalesce(max(c1_0.id), 0) 
    from
        categories c1_0
Hibernate: 
    select
        coalesce(max(c1_0.id), 0) 
    from
        categories c1_0
]]></system-out>
  <system-err><![CDATA[WARNING: A Java agent has been loaded dynamically (/Users/hammefatal/.gradle/caches/modules-2/files-2.1/net.bytebuddy/byte-buddy-agent/1.14.10/90ed94ac044ea8953b224304c762316e91fd6b31/byte-buddy-agent-1.14.10.jar)
WARNING: If a serviceability tool is in use, please run with -XX:+EnableDynamicAgentLoading to hide this warning
WARNING: If a serviceability tool is not in use, please run with -Djdk.instrument.traceUsage for more information
WARNING: Dynamic loading of agents will be disallowed by default in a future release
]]></system-err>
</testsuite>
