<?xml version="1.0" encoding="UTF-8"?>
<testsuite name="com.example.categoryservice.domain.model.CategoryTest" tests="11" skipped="0" failures="0" errors="0" timestamp="2025-09-15T13:52:09" hostname="Sunhong-Mac-mini.local" time="0.003">
  <properties/>
  <testcase name="같은_ID를_가진_카테고리는_동등하다()" classname="com.example.categoryservice.domain.model.CategoryTest" time="0.0"/>
  <testcase name="다른_ID를_가진_카테고리는_동등하지_않다()" classname="com.example.categoryservice.domain.model.CategoryTest" time="0.0"/>
  <testcase name="빈_이름으로_카테고리_생성시_예외발생()" classname="com.example.categoryservice.domain.model.CategoryTest" time="0.001"/>
  <testcase name="카테고리를_루트로_변경()" classname="com.example.categoryservice.domain.model.CategoryTest" time="0.0"/>
  <testcase name="너무_긴_이름으로_카테고리_생성시_예외발생()" classname="com.example.categoryservice.domain.model.CategoryTest" time="0.0"/>
  <testcase name="null_이름으로_카테고리_생성시_예외발생()" classname="com.example.categoryservice.domain.model.CategoryTest" time="0.0"/>
  <testcase name="정상적인_하위_카테고리_생성()" classname="com.example.categoryservice.domain.model.CategoryTest" time="0.0"/>
  <testcase name="카테고리_정보_업데이트()" classname="com.example.categoryservice.domain.model.CategoryTest" time="0.0"/>
  <testcase name="자기_자신을_부모로_설정시_예외발생()" classname="com.example.categoryservice.domain.model.CategoryTest" time="0.0"/>
  <testcase name="카테고리_부모_변경()" classname="com.example.categoryservice.domain.model.CategoryTest" time="0.0"/>
  <testcase name="정상적인_루트_카테고리_생성()" classname="com.example.categoryservice.domain.model.CategoryTest" time="0.0"/>
  <system-out><![CDATA[]]></system-out>
  <system-err><![CDATA[]]></system-err>
</testsuite>
