<?xml version="1.0" encoding="UTF-8"?>
<testsuite name="com.example.categoryservice.application.service.CategoryServiceTest" tests="14" skipped="0" failures="0" errors="0" timestamp="2025-09-15T13:52:08" hostname="Sunhong-Mac-mini.local" time="0.448">
  <properties/>
  <testcase name="특정_카테고리_트리_조회_성공()" classname="com.example.categoryservice.application.service.CategoryServiceTest" time="0.423"/>
  <testcase name="전체_카테고리_트리_조회_성공()" classname="com.example.categoryservice.application.service.CategoryServiceTest" time="0.002"/>
  <testcase name="카테고리_조회_성공()" classname="com.example.categoryservice.application.service.CategoryServiceTest" time="0.002"/>
  <testcase name="하위_카테고리_생성_성공()" classname="com.example.categoryservice.application.service.CategoryServiceTest" time="0.004"/>
  <testcase name="존재하지_않는_부모_카테고리로_생성시_예외발생()" classname="com.example.categoryservice.application.service.CategoryServiceTest" time="0.002"/>
  <testcase name="루트_카테고리_생성_성공()" classname="com.example.categoryservice.application.service.CategoryServiceTest" time="0.001"/>
  <testcase name="존재하지_않는_카테고리_수정시_예외발생()" classname="com.example.categoryservice.application.service.CategoryServiceTest" time="0.001"/>
  <testcase name="하위_카테고리가_있는_카테고리_삭제시_예외발생()" classname="com.example.categoryservice.application.service.CategoryServiceTest" time="0.001"/>
  <testcase name="카테고리_삭제_성공()" classname="com.example.categoryservice.application.service.CategoryServiceTest" time="0.001"/>
  <testcase name="순환_참조_생성시_예외발생()" classname="com.example.categoryservice.application.service.CategoryServiceTest" time="0.002"/>
  <testcase name="존재하지_않는_카테고리_삭제시_예외발생()" classname="com.example.categoryservice.application.service.CategoryServiceTest" time="0.001"/>
  <testcase name="존재하지_않는_루트_카테고리로_트리_조회시_예외발생()" classname="com.example.categoryservice.application.service.CategoryServiceTest" time="0.001"/>
  <testcase name="존재하지_않는_카테고리_조회시_예외발생()" classname="com.example.categoryservice.application.service.CategoryServiceTest" time="0.0"/>
  <testcase name="카테고리_수정_성공()" classname="com.example.categoryservice.application.service.CategoryServiceTest" time="0.001"/>
  <system-out><![CDATA[]]></system-out>
  <system-err><![CDATA[WARNING: A Java agent has been loaded dynamically (/Users/hammefatal/.gradle/caches/modules-2/files-2.1/net.bytebuddy/byte-buddy-agent/1.14.10/90ed94ac044ea8953b224304c762316e91fd6b31/byte-buddy-agent-1.14.10.jar)
WARNING: If a serviceability tool is in use, please run with -XX:+EnableDynamicAgentLoading to hide this warning
WARNING: If a serviceability tool is not in use, please run with -Djdk.instrument.traceUsage for more information
WARNING: Dynamic loading of agents will be disallowed by default in a future release
]]></system-err>
</testsuite>
