<?xml version="1.0" encoding="UTF-8"?>
<testsuite name="CategoryCacheConfig 통합 테스트" tests="5" skipped="0" failures="0" errors="0" timestamp="2025-09-15T14:17:19" hostname="Sunhong-Mac-mini.local" time="0.447">
  <properties/>
  <testcase name="CategoryTree 캐시가 올바른 설정으로 생성되는지 확인" classname="com.example.categoryservice.infrastructure.config.CategoryCacheConfigIntegrationTest" time="0.341"/>
  <testcase name="Spring Context에서 캐시 매니저가 올바르게 로드되는지 확인" classname="com.example.categoryservice.infrastructure.config.CategoryCacheConfigIntegrationTest" time="0.038"/>
  <testcase name="캐시 속성이 올바르게 로드되는지 확인" classname="com.example.categoryservice.infrastructure.config.CategoryCacheConfigIntegrationTest" time="0.031"/>
  <testcase name="Categories 캐시가 올바른 설정으로 생성되는지 확인" classname="com.example.categoryservice.infrastructure.config.CategoryCacheConfigIntegrationTest" time="0.002"/>
  <testcase name="캐시가 기본적인 put/get 동작을 수행하는지 확인" classname="com.example.categoryservice.infrastructure.config.CategoryCacheConfigIntegrationTest" time="0.018"/>
  <system-out><![CDATA[23:17:16.910 [Test worker] INFO org.springframework.test.context.support.AnnotationConfigContextLoaderUtils -- Could not detect default configuration classes for test class [com.example.categoryservice.infrastructure.config.CategoryCacheConfigIntegrationTest]: CategoryCacheConfigIntegrationTest does not declare any static, non-private, non-final, nested classes annotated with @Configuration.
23:17:16.953 [Test worker] INFO org.springframework.boot.test.context.SpringBootTestContextBootstrapper -- Found @SpringBootConfiguration com.example.categoryservice.CategoryServiceApplication for test class com.example.categoryservice.infrastructure.config.CategoryCacheConfigIntegrationTest

  .   ____          _            __ _ _
 /\\ / ___'_ __ _ _(_)_ __  __ _ \ \ \ \
( ( )\___ | '_ | '_| | '_ \/ _` | \ \ \ \
 \\/  ___)| |_)| | | | | || (_| |  ) ) ) )
  '  |____| .__|_| |_|_| |_\__, | / / / /
 =========|_|==============|___/=/_/_/_/
 :: Spring Boot ::                (v3.2.0)

2025-09-15T23:17:17.084+09:00  INFO 10749 --- [category-service] [    Test worker] c.i.c.CategoryCacheConfigIntegrationTest : Starting CategoryCacheConfigIntegrationTest using Java 21.0.5 with PID 10749 (started by hammefatal in /Volumes/SunhongSSD/DigitalWorkshop/category-service)
2025-09-15T23:17:17.085+09:00 DEBUG 10749 --- [category-service] [    Test worker] c.i.c.CategoryCacheConfigIntegrationTest : Running with Spring Boot v3.2.0, Spring v6.1.1
2025-09-15T23:17:17.085+09:00  INFO 10749 --- [category-service] [    Test worker] c.i.c.CategoryCacheConfigIntegrationTest : The following 1 profile is active: "test"
2025-09-15T23:17:17.096+09:00 DEBUG 10749 --- [category-service] [    Test worker] o.s.w.c.s.GenericWebApplicationContext   : Refreshing org.springframework.web.context.support.GenericWebApplicationContext@333cb916
2025-09-15T23:17:17.411+09:00  INFO 10749 --- [category-service] [    Test worker] .s.d.r.c.RepositoryConfigurationDelegate : Bootstrapping Spring Data JPA repositories in DEFAULT mode.
2025-09-15T23:17:17.428+09:00  INFO 10749 --- [category-service] [    Test worker] .s.d.r.c.RepositoryConfigurationDelegate : Finished Spring Data repository scanning in 14 ms. Found 1 JPA repository interface.
2025-09-15T23:17:17.672+09:00  INFO 10749 --- [category-service] [    Test worker] o.hibernate.jpa.internal.util.LogHelper  : HHH000204: Processing PersistenceUnitInfo [name: default]
2025-09-15T23:17:17.690+09:00  INFO 10749 --- [category-service] [    Test worker] org.hibernate.Version                    : HHH000412: Hibernate ORM core version 6.3.1.Final
2025-09-15T23:17:17.700+09:00  INFO 10749 --- [category-service] [    Test worker] o.h.c.internal.RegionFactoryInitiator    : HHH000026: Second-level cache disabled
2025-09-15T23:17:17.776+09:00  INFO 10749 --- [category-service] [    Test worker] o.s.o.j.p.SpringPersistenceUnitInfo      : No LoadTimeWeaver setup: ignoring JPA class transformer
2025-09-15T23:17:17.788+09:00  INFO 10749 --- [category-service] [    Test worker] com.zaxxer.hikari.HikariDataSource       : HikariPool-1 - Starting...
2025-09-15T23:17:17.856+09:00  INFO 10749 --- [category-service] [    Test worker] com.zaxxer.hikari.pool.HikariPool        : HikariPool-1 - Added connection conn0: url=jdbc:h2:mem:testdb user=SA
2025-09-15T23:17:17.857+09:00  INFO 10749 --- [category-service] [    Test worker] com.zaxxer.hikari.HikariDataSource       : HikariPool-1 - Start completed.
2025-09-15T23:17:18.142+09:00  INFO 10749 --- [category-service] [    Test worker] o.h.e.t.j.p.i.JtaPlatformInitiator       : HHH000489: No JTA platform available (set 'hibernate.transaction.jta.platform' to enable JTA platform integration)
2025-09-15T23:17:18.147+09:00 DEBUG 10749 --- [category-service] [    Test worker] org.hibernate.SQL                        : 
    drop table if exists categories cascade 
Hibernate: 
    drop table if exists categories cascade 
2025-09-15T23:17:18.150+09:00 DEBUG 10749 --- [category-service] [    Test worker] org.hibernate.SQL                        : 
    create table categories (
        created_at timestamp(6) not null,
        id bigint not null,
        parent_id bigint,
        updated_at timestamp(6) not null,
        name varchar(100) not null,
        description varchar(500),
        primary key (id)
    )
Hibernate: 
    create table categories (
        created_at timestamp(6) not null,
        id bigint not null,
        parent_id bigint,
        updated_at timestamp(6) not null,
        name varchar(100) not null,
        description varchar(500),
        primary key (id)
    )
2025-09-15T23:17:18.153+09:00  INFO 10749 --- [category-service] [    Test worker] j.LocalContainerEntityManagerFactoryBean : Initialized JPA EntityManagerFactory for persistence unit 'default'
2025-09-15T23:17:18.277+09:00  INFO 10749 --- [category-service] [    Test worker] o.s.d.j.r.query.QueryEnhancerFactory     : Hibernate is in classpath; If applicable, HQL parser will be used.
2025-09-15T23:17:18.604+09:00  INFO 10749 --- [category-service] [    Test worker] c.e.c.i.config.CategoryCacheConfig       : Category cache manager configured with properties: CategoryCacheProperties(categories=CategoryCacheProperties.CacheSpec(maximumSize=5000, expireAfterAccess=PT15M, expireAfterWrite=PT5M), categoryTree=CategoryCacheProperties.CacheSpec(maximumSize=100, expireAfterAccess=PT10M, expireAfterWrite=PT5M))
2025-09-15T23:17:18.770+09:00  WARN 10749 --- [category-service] [    Test worker] JpaBaseConfiguration$JpaWebConfiguration : spring.jpa.open-in-view is enabled by default. Therefore, database queries may be performed during view rendering. Explicitly configure spring.jpa.open-in-view to disable this warning
2025-09-15T23:17:18.821+09:00 DEBUG 10749 --- [category-service] [    Test worker] s.w.s.m.m.a.RequestMappingHandlerMapping : 14 mappings in 'requestMappingHandlerMapping'
2025-09-15T23:17:18.861+09:00 DEBUG 10749 --- [category-service] [    Test worker] o.s.w.s.handler.SimpleUrlHandlerMapping  : Patterns [/webjars/**, /**, /swagger-ui*/*swagger-initializer.js, /swagger-ui*/**] in 'resourceHandlerMapping'
2025-09-15T23:17:18.904+09:00 DEBUG 10749 --- [category-service] [    Test worker] s.w.s.m.m.a.RequestMappingHandlerAdapter : ControllerAdvice beans: 0 @ModelAttribute, 0 @InitBinder, 1 RequestBodyAdvice, 1 ResponseBodyAdvice
2025-09-15T23:17:18.948+09:00 DEBUG 10749 --- [category-service] [    Test worker] .m.m.a.ExceptionHandlerExceptionResolver : ControllerAdvice beans: 2 @ExceptionHandler, 1 ResponseBodyAdvice
2025-09-15T23:17:19.217+09:00  INFO 10749 --- [category-service] [    Test worker] o.s.b.a.h2.H2ConsoleAutoConfiguration    : H2 console available at '/h2-console'. Database available at 'jdbc:h2:mem:testdb'
2025-09-15T23:17:19.238+09:00  INFO 10749 --- [category-service] [    Test worker] o.s.b.a.e.web.EndpointLinksResolver      : Exposing 3 endpoint(s) beneath base path '/actuator'
2025-09-15T23:17:19.271+09:00  INFO 10749 --- [category-service] [    Test worker] c.i.c.CategoryCacheConfigIntegrationTest : Started CategoryCacheConfigIntegrationTest in 2.278 seconds (process running for 2.665)
]]></system-out>
  <system-err><![CDATA[WARNING: A Java agent has been loaded dynamically (/Users/hammefatal/.gradle/caches/modules-2/files-2.1/net.bytebuddy/byte-buddy-agent/1.14.10/90ed94ac044ea8953b224304c762316e91fd6b31/byte-buddy-agent-1.14.10.jar)
WARNING: If a serviceability tool is in use, please run with -XX:+EnableDynamicAgentLoading to hide this warning
WARNING: If a serviceability tool is not in use, please run with -Djdk.instrument.traceUsage for more information
WARNING: Dynamic loading of agents will be disallowed by default in a future release
]]></system-err>
</testsuite>
